[0m2021.12.31 20:50:03 INFO  Started: Metals version 0.10.9 in workspace '/Users/user/ScalaProjects/scala-pro' for client Visual Studio Code 1.63.0.[0m
[0m2021.12.31 20:50:06 INFO  time: initialize in 2.15s[0m
[0m2021.12.31 20:50:06 WARN  Build server is not auto-connectable.[0m
[0m2021.12.31 20:50:06 WARN  no build tool detected in workspace '/Users/user/ScalaProjects/scala-pro'. The most common cause for this problem is that the editor was opened in the wrong working directory, for example if you use sbt then the workspace directory should contain build.sbt. [0m
[0m2021.12.31 20:50:07 WARN  no build target for: /Users/user/ScalaProjects/scala-pro/myScript.sc[0m
[0m2021.12.31 20:50:30 INFO  no build target: using presentation compiler with only scala-library: 3.1.0[0m
[0m2021.12.31 20:51:38 ERROR Error getting Ammonite 2.3.8-124-2da846d2 (scala 2.13.7)
ammrunner.CoursierError: Error fetching Ammonite 2.3.8-124-2da846d2 for scala 2.13.7
	at ammrunner.AmmoniteFetcher.maybeResult$1(AmmoniteFetcher.scala:90)
	at ammrunner.AmmoniteFetcher.command(AmmoniteFetcher.scala:108)
	at scala.meta.internal.metals.ammonite.Ammonite.command(Ammonite.scala:161)
	at scala.meta.internal.metals.ammonite.Ammonite.$anonfun$start$4(Ammonite.scala:239)
	at scala.Option.map(Option.scala:230)
	at scala.meta.internal.metals.ammonite.Ammonite.start(Ammonite.scala:239)
	at scala.meta.internal.metals.ammonite.Ammonite.doImport$1(Ammonite.scala:190)
	at scala.meta.internal.metals.ammonite.Ammonite.$anonfun$maybeImport$3(Ammonite.scala:217)
	at scala.meta.internal.metals.ammonite.Ammonite.$anonfun$maybeImport$3$adapted(Ammonite.scala:208)
	at scala.concurrent.impl.CallbackRunnable.run(Promise.scala:64)
	at java.util.concurrent.ThreadPoolExecutor.runWorker(ThreadPoolExecutor.java:1128)
	at java.util.concurrent.ThreadPoolExecutor$Worker.run(ThreadPoolExecutor.java:628)
	at java.lang.Thread.run(Thread.java:834)
Caused by: coursierapi.error.MultipleResolutionError: Error downloading com.lihaoyi:ammonite-compiler_2.13.7:2.3.8-124-2da846d2
  not found: /Users/user/.ivy2/local/com.lihaoyi/ammonite-compiler_2.13.7/2.3.8-124-2da846d2/ivys/ivy.xml
  not found: https://repo1.maven.org/maven2/com/lihaoyi/ammonite-compiler_2.13.7/2.3.8-124-2da846d2/ammonite-compiler_2.13.7-2.3.8-124-2da846d2.pom
Error downloading com.lihaoyi:ammonite-repl-api_2.13.7:2.3.8-124-2da846d2
  not found: /Users/user/.ivy2/local/com.lihaoyi/ammonite-repl-api_2.13.7/2.3.8-124-2da846d2/ivys/ivy.xml
  not found: https://repo1.maven.org/maven2/com/lihaoyi/ammonite-repl-api_2.13.7/2.3.8-124-2da846d2/ammonite-repl-api_2.13.7-2.3.8-124-2da846d2.pom

	at coursierapi.error.MultipleResolutionError.of(MultipleResolutionError.java:28)
	at coursierapi.shaded.coursier.internal.api.ApiHelper$.doFetch(ApiHelper.scala:356)
	at coursierapi.shaded.coursier.internal.api.ApiHelper.doFetch(ApiHelper.scala)
	at coursierapi.Fetch.fetchResult(Fetch.java:244)
	at ammrunner.AmmoniteFetcher.maybeResult$1(AmmoniteFetcher.scala:87)
	at ammrunner.AmmoniteFetcher.command(AmmoniteFetcher.scala:108)
	at scala.meta.internal.metals.ammonite.Ammonite.command(Ammonite.scala:161)
	at scala.meta.internal.metals.ammonite.Ammonite.$anonfun$start$4(Ammonite.scala:239)
	at scala.Option.map(Option.scala:230)
	at scala.meta.internal.metals.ammonite.Ammonite.start(Ammonite.scala:239)
	at scala.meta.internal.metals.ammonite.Ammonite.doImport$1(Ammonite.scala:190)
	at scala.meta.internal.metals.ammonite.Ammonite.$anonfun$maybeImport$3(Ammonite.scala:217)
	at scala.meta.internal.metals.ammonite.Ammonite.$anonfun$maybeImport$3$adapted(Ammonite.scala:208)
	at scala.concurrent.impl.CallbackRunnable.run(Promise.scala:64)
	at java.util.concurrent.ThreadPoolExecutor.runWorker(ThreadPoolExecutor.java:1128)
	at java.util.concurrent.ThreadPoolExecutor$Worker.run(ThreadPoolExecutor.java:628)
	at java.lang.Thread.run(Thread.java:834)
[0m
[0m2021.12.31 20:52:49 INFO  time: code lens generation in 2m42s[0m
